[spet-gatsby.envytheme.com/it-startup/index.html]
[backblue.gif]
[fade.gif]
[index.html]
[spet-gatsby.envytheme.com/favicon-32x32b7a5.png]
[spet-gatsby.envytheme.com/icons/icon-48x48b7a5.png]
[spet-gatsby.envytheme.com/icons/icon-72x72b7a5.png]
[spet-gatsby.envytheme.com/icons/icon-96x96b7a5.png]
[spet-gatsby.envytheme.com/icons/icon-144x144b7a5.png]
[spet-gatsby.envytheme.com/icons/icon-192x192b7a5.png]
[spet-gatsby.envytheme.com/icons/icon-256x256b7a5.png]
[spet-gatsby.envytheme.com/icons/icon-384x384b7a5.png]
[spet-gatsby.envytheme.com/icons/icon-512x512b7a5.png]
[spet-gatsby.envytheme.com/webpack-runtime-e21b2383f955aa703d7e.js]
[spet-gatsby.envytheme.com/framework-1962f46ddf4a3dfbd9be.js]
[spet-gatsby.envytheme.com/app-14b88a8487eff8db7e86.js]
[spet-gatsby.envytheme.com/0ceb88f578a0c235877c3d5fb01599991c0ad2a0-006a68b78c5f11519df4.js]
[spet-gatsby.envytheme.com/8d129cc1ca202cf103839800a6359c35066f9663-374e12662abc795272cd.js]
[spet-gatsby.envytheme.com/0c35ba44a63a8c0fbf74d5da3cc1dd8f478295c6-b0eb17200187972739eb.js]
[spet-gatsby.envytheme.com/445c9793aa992c1700088119aa471f74c688faa6-d8599db99ef08796c5a9.js]
[spet-gatsby.envytheme.com/5bb8682e1b8c321fd9dbb19511f33638894d80c7-8d5f74768fbd2f6c625a.js]
[spet-gatsby.envytheme.com/7d60ae156e89c19f6bbfdff000aa6a2e24d78215-3ce4bed55beaa12dafe8.js]
[spet-gatsby.envytheme.com/9f7b7f7eb56a3a068ee5600707970d38960a2a6b-05099e6a17b06ea0f468.js]
[spet-gatsby.envytheme.com/2ec850c47d06b2768946e92b6bb4f92103d20a6c-bb66117f71894d0fd921.js]
[spet-gatsby.envytheme.com/2b94106e6dfb891a03264b01c95acd513054fea2-f224161535f33fd56d12.js]
[spet-gatsby.envytheme.com/13b0692a3cba8755f1e40d8df0173f59d306074b-91bac9bb92a8da3a5709.js]
[spet-gatsby.envytheme.com/25b25725314fb305cad4139d687c36968b35883a-0cf348383d36945b242e.js]
[spet-gatsby.envytheme.com/component---src-pages-it-startup-js-de998cf75b1fe7e855f6.js]
[spet-gatsby.envytheme.com/static/man-0c927cbbb557d9239018a5fad977746e.png]
[spet-gatsby.envytheme.com/static/carpet-d5693d37c04a91336670e5fdb5088679.png]
[spet-gatsby.envytheme.com/static/dekstop-67bf13c181b3f96a081d933770c3ac25.png]
[spet-gatsby.envytheme.com/static/flower-top-big-e520a110fbcffbb546a2700adb47fc78.png]
[spet-gatsby.envytheme.com/static/table-4bba1c7383cc72bfee52ac4596195ba5.png]
[spet-gatsby.envytheme.com/static/main-pic-68043f7e0b9a77d65db913dd43a9da06.png]
[spet-gatsby.envytheme.com/static/box-20b101975952d55aa19929b58e0ed8c0.png]
[spet-gatsby.envytheme.com/static/cloud-cfe99dc94c2124094bf6928fcfb174d5.png]
[spet-gatsby.envytheme.com/static/cercle-shape-f14ae2238864a33e83e988e6d7e6235d.png]
[spet-gatsby.envytheme.com/static/service-right-main-pic-602fe3ef2a065ca3d4210fc0085b79bd.png]
[spet-gatsby.envytheme.com/static/big-monitor-236b6dcb3bf905aab247f6a6157c8018.png]
[spet-gatsby.envytheme.com/static/developer-6b8523f5349c3381513bde94f2773c0e.png]
[spet-gatsby.envytheme.com/static/service-left-main-pic-ac969d4475c0c5d184cf467d3321d7a2.png]
[spet-gatsby.envytheme.com/static/map-3f6e1ddb342185a26c476daa59c3a805.png]
[spet-gatsby.envytheme.com/static/client2-39ece585f0a1b0330c627171786c78b7.jpg]
[spet-gatsby.envytheme.com/static/blog1-fb50e94f7547cede1bcc161297b3d313.jpg]
[spet-gatsby.envytheme.com/static/blog2-c3809a2eb6a0baf6b5cb321ed76c29f2.jpg]
[spet-gatsby.envytheme.com/static/blog3-a2e57eba995428852ec410f6a13ced57.jpg]
[spet-gatsby.envytheme.com/it-startup/mailto_spet@gmail.html]
[spet-gatsby.envytheme.com/cdn-cgi/scripts/5c5dd728/cloudflare-static/email-decode.min.js]
[spet-gatsby.envytheme.com/it-startup/tel_321984754.html]
[spet-gatsby.envytheme.com/it-startup/index.html]
[spet-gatsby.envytheme.com/polyfill-2a74e76bf3a4aaf25439.js]
[spet-gatsby.envytheme.com/it-startup/mailto_spet@gmail.html]
[spet-gatsby.envytheme.com/component---src-pages-index-js-df52164f0787320d5904.js]
[spet-gatsby.envytheme.com/it-startup/tel_321984754.html]
